<?xml version="1.0" encoding="UTF-8"?>
<testsuite xmlns:xsi="http://www.w3.org/2001/XMLSchema-instance" xsi:noNamespaceSchemaLocation="https://maven.apache.org/surefire/maven-surefire-plugin/xsd/surefire-test-report.xsd" version="3.0.2" name="api.test.UserTests" time="13.199" tests="4" errors="0" skipped="0" failures="0">
  <properties>
    <property name="java.specification.version" value="17"/>
    <property name="sun.cpu.isalist" value="amd64"/>
    <property name="sun.jnu.encoding" value="Cp1252"/>
    <property name="java.class.path" value="C:\Users\k suresh kumar reddy\SeleniumTrainingworkspace\PetstoreAutomation\target\test-classes;C:\Users\k suresh kumar reddy\SeleniumTrainingworkspace\PetstoreAutomation\target\classes;C:\Users\k suresh kumar reddy\.m2\repository\junit\junit\4.11\junit-4.11.jar;C:\Users\k suresh kumar reddy\.m2\repository\org\hamcrest\hamcrest-core\1.3\hamcrest-core-1.3.jar;C:\Users\k suresh kumar reddy\.m2\repository\org\seleniumhq\selenium\selenium-java\3.141.59\selenium-java-3.141.59.jar;C:\Users\k suresh kumar reddy\.m2\repository\org\seleniumhq\selenium\selenium-api\3.141.59\selenium-api-3.141.59.jar;C:\Users\k suresh kumar reddy\.m2\repository\org\seleniumhq\selenium\selenium-chrome-driver\3.141.59\selenium-chrome-driver-3.141.59.jar;C:\Users\k suresh kumar reddy\.m2\repository\org\seleniumhq\selenium\selenium-edge-driver\3.141.59\selenium-edge-driver-3.141.59.jar;C:\Users\k suresh kumar reddy\.m2\repository\org\seleniumhq\selenium\selenium-firefox-driver\3.141.59\selenium-firefox-driver-3.141.59.jar;C:\Users\k suresh kumar reddy\.m2\repository\org\seleniumhq\selenium\selenium-ie-driver\3.141.59\selenium-ie-driver-3.141.59.jar;C:\Users\k suresh kumar reddy\.m2\repository\org\seleniumhq\selenium\selenium-opera-driver\3.141.59\selenium-opera-driver-3.141.59.jar;C:\Users\k suresh kumar reddy\.m2\repository\org\seleniumhq\selenium\selenium-remote-driver\3.141.59\selenium-remote-driver-3.141.59.jar;C:\Users\k suresh kumar reddy\.m2\repository\org\seleniumhq\selenium\selenium-safari-driver\3.141.59\selenium-safari-driver-3.141.59.jar;C:\Users\k suresh kumar reddy\.m2\repository\org\seleniumhq\selenium\selenium-support\3.141.59\selenium-support-3.141.59.jar;C:\Users\k suresh kumar reddy\.m2\repository\net\bytebuddy\byte-buddy\1.8.15\byte-buddy-1.8.15.jar;C:\Users\k suresh kumar reddy\.m2\repository\org\apache\commons\commons-exec\1.3\commons-exec-1.3.jar;C:\Users\k suresh kumar reddy\.m2\repository\com\google\guava\guava\25.0-jre\guava-25.0-jre.jar;C:\Users\k suresh kumar reddy\.m2\repository\org\checkerframework\checker-compat-qual\2.0.0\checker-compat-qual-2.0.0.jar;C:\Users\k suresh kumar reddy\.m2\repository\com\google\j2objc\j2objc-annotations\1.1\j2objc-annotations-1.1.jar;C:\Users\k suresh kumar reddy\.m2\repository\org\codehaus\mojo\animal-sniffer-annotations\1.14\animal-sniffer-annotations-1.14.jar;C:\Users\k suresh kumar reddy\.m2\repository\com\squareup\okhttp3\okhttp\3.11.0\okhttp-3.11.0.jar;C:\Users\k suresh kumar reddy\.m2\repository\com\squareup\okio\okio\1.14.0\okio-1.14.0.jar;C:\Users\k suresh kumar reddy\.m2\repository\io\github\bonigarcia\webdrivermanager\4.1.0\webdrivermanager-4.1.0.jar;C:\Users\k suresh kumar reddy\.m2\repository\org\slf4j\slf4j-api\1.7.30\slf4j-api-1.7.30.jar;C:\Users\k suresh kumar reddy\.m2\repository\commons-io\commons-io\2.7\commons-io-2.7.jar;C:\Users\k suresh kumar reddy\.m2\repository\org\apache\commons\commons-lang3\3.10\commons-lang3-3.10.jar;C:\Users\k suresh kumar reddy\.m2\repository\org\apache\httpcomponents\client5\httpclient5\5.0.1\httpclient5-5.0.1.jar;C:\Users\k suresh kumar reddy\.m2\repository\org\apache\httpcomponents\core5\httpcore5\5.0.1\httpcore5-5.0.1.jar;C:\Users\k suresh kumar reddy\.m2\repository\org\apache\httpcomponents\core5\httpcore5-h2\5.0.1\httpcore5-h2-5.0.1.jar;C:\Users\k suresh kumar reddy\.m2\repository\org\rauschig\jarchivelib\1.0.0\jarchivelib-1.0.0.jar;C:\Users\k suresh kumar reddy\.m2\repository\org\jsoup\jsoup\1.13.1\jsoup-1.13.1.jar;C:\Users\k suresh kumar reddy\.m2\repository\org\testng\testng\6.10\testng-6.10.jar;C:\Users\k suresh kumar reddy\.m2\repository\com\beust\jcommander\1.48\jcommander-1.48.jar;C:\Users\k suresh kumar reddy\.m2\repository\io\rest-assured\rest-assured\5.5.0\rest-assured-5.5.0.jar;C:\Users\k suresh kumar reddy\.m2\repository\org\apache\groovy\groovy\4.0.22\groovy-4.0.22.jar;C:\Users\k suresh kumar reddy\.m2\repository\org\apache\groovy\groovy-xml\4.0.22\groovy-xml-4.0.22.jar;C:\Users\k suresh kumar reddy\.m2\repository\org\apache\httpcomponents\httpclient\4.5.13\httpclient-4.5.13.jar;C:\Users\k suresh kumar reddy\.m2\repository\org\apache\httpcomponents\httpcore\4.4.13\httpcore-4.4.13.jar;C:\Users\k suresh kumar reddy\.m2\repository\commons-logging\commons-logging\1.2\commons-logging-1.2.jar;C:\Users\k suresh kumar reddy\.m2\repository\org\apache\httpcomponents\httpmime\4.5.13\httpmime-4.5.13.jar;C:\Users\k suresh kumar reddy\.m2\repository\org\hamcrest\hamcrest\2.2\hamcrest-2.2.jar;C:\Users\k suresh kumar reddy\.m2\repository\org\ccil\cowan\tagsoup\tagsoup\1.2.1\tagsoup-1.2.1.jar;C:\Users\k suresh kumar reddy\.m2\repository\io\rest-assured\xml-path\5.5.0\xml-path-5.5.0.jar;C:\Users\k suresh kumar reddy\.m2\repository\io\rest-assured\json-path\5.5.0\json-path-5.5.0.jar;C:\Users\k suresh kumar reddy\.m2\repository\org\apache\groovy\groovy-json\4.0.22\groovy-json-4.0.22.jar;C:\Users\k suresh kumar reddy\.m2\repository\io\rest-assured\rest-assured-common\5.5.0\rest-assured-common-5.5.0.jar;C:\Users\k suresh kumar reddy\.m2\repository\org\json\json\20240303\json-20240303.jar;C:\Users\k suresh kumar reddy\.m2\repository\com\google\code\gson\gson\2.11.0\gson-2.11.0.jar;C:\Users\k suresh kumar reddy\.m2\repository\com\google\errorprone\error_prone_annotations\2.27.0\error_prone_annotations-2.27.0.jar;C:\Users\k suresh kumar reddy\.m2\repository\com\github\scribejava\scribejava-apis\8.3.3\scribejava-apis-8.3.3.jar;C:\Users\k suresh kumar reddy\.m2\repository\com\github\scribejava\scribejava-core\8.3.3\scribejava-core-8.3.3.jar;C:\Users\k suresh kumar reddy\.m2\repository\com\github\scribejava\scribejava-java8\8.3.3\scribejava-java8-8.3.3.jar;C:\Users\k suresh kumar reddy\.m2\repository\com\fasterxml\jackson\core\jackson-databind\2.14.0\jackson-databind-2.14.0.jar;C:\Users\k suresh kumar reddy\.m2\repository\com\fasterxml\jackson\core\jackson-annotations\2.14.0\jackson-annotations-2.14.0.jar;C:\Users\k suresh kumar reddy\.m2\repository\com\fasterxml\jackson\core\jackson-core\2.14.0\jackson-core-2.14.0.jar;C:\Users\k suresh kumar reddy\.m2\repository\com\github\java-json-tools\json-schema-validator\2.2.14\json-schema-validator-2.2.14.jar;C:\Users\k suresh kumar reddy\.m2\repository\com\github\java-json-tools\jackson-coreutils-equivalence\1.0\jackson-coreutils-equivalence-1.0.jar;C:\Users\k suresh kumar reddy\.m2\repository\com\github\java-json-tools\jackson-coreutils\2.0\jackson-coreutils-2.0.jar;C:\Users\k suresh kumar reddy\.m2\repository\com\github\java-json-tools\msg-simple\1.2\msg-simple-1.2.jar;C:\Users\k suresh kumar reddy\.m2\repository\com\github\java-json-tools\btf\1.3\btf-1.3.jar;C:\Users\k suresh kumar reddy\.m2\repository\com\github\java-json-tools\json-schema-core\1.2.14\json-schema-core-1.2.14.jar;C:\Users\k suresh kumar reddy\.m2\repository\com\github\java-json-tools\uri-template\0.10\uri-template-0.10.jar;C:\Users\k suresh kumar reddy\.m2\repository\org\mozilla\rhino\1.7.7.2\rhino-1.7.7.2.jar;C:\Users\k suresh kumar reddy\.m2\repository\com\sun\mail\mailapi\1.6.2\mailapi-1.6.2.jar;C:\Users\k suresh kumar reddy\.m2\repository\joda-time\joda-time\2.10.5\joda-time-2.10.5.jar;C:\Users\k suresh kumar reddy\.m2\repository\com\googlecode\libphonenumber\libphonenumber\8.11.1\libphonenumber-8.11.1.jar;C:\Users\k suresh kumar reddy\.m2\repository\com\google\code\findbugs\jsr305\3.0.2\jsr305-3.0.2.jar;C:\Users\k suresh kumar reddy\.m2\repository\net\sf\jopt-simple\jopt-simple\5.0.4\jopt-simple-5.0.4.jar;C:\Users\k suresh kumar reddy\.m2\repository\com\github\javafaker\javafaker\1.0.2\javafaker-1.0.2.jar;C:\Users\k suresh kumar reddy\.m2\repository\org\yaml\snakeyaml\1.23\snakeyaml-1.23-android.jar;C:\Users\k suresh kumar reddy\.m2\repository\com\github\mifmif\generex\1.0.2\generex-1.0.2.jar;C:\Users\k suresh kumar reddy\.m2\repository\dk\brics\automaton\automaton\1.11-8\automaton-1.11-8.jar;C:\Users\k suresh kumar reddy\.m2\repository\org\apache\poi\poi\5.2.3\poi-5.2.3.jar;C:\Users\k suresh kumar reddy\.m2\repository\commons-codec\commons-codec\1.15\commons-codec-1.15.jar;C:\Users\k suresh kumar reddy\.m2\repository\org\apache\commons\commons-math3\3.6.1\commons-math3-3.6.1.jar;C:\Users\k suresh kumar reddy\.m2\repository\com\zaxxer\SparseBitSet\1.2\SparseBitSet-1.2.jar;C:\Users\k suresh kumar reddy\.m2\repository\org\apache\logging\log4j\log4j-api\2.18.0\log4j-api-2.18.0.jar;C:\Users\k suresh kumar reddy\.m2\repository\org\apache\poi\poi-ooxml\5.2.3\poi-ooxml-5.2.3.jar;C:\Users\k suresh kumar reddy\.m2\repository\org\apache\poi\poi-ooxml-lite\5.2.3\poi-ooxml-lite-5.2.3.jar;C:\Users\k suresh kumar reddy\.m2\repository\org\apache\commons\commons-compress\1.21\commons-compress-1.21.jar;C:\Users\k suresh kumar reddy\.m2\repository\com\github\virtuald\curvesapi\1.07\curvesapi-1.07.jar;C:\Users\k suresh kumar reddy\.m2\repository\org\apache\poi\poi-ooxml-schemas\4.1.2\poi-ooxml-schemas-4.1.2.jar;C:\Users\k suresh kumar reddy\.m2\repository\org\apache\commons\commons-collections4\4.4\commons-collections4-4.4.jar;C:\Users\k suresh kumar reddy\.m2\repository\org\apache\xmlbeans\xmlbeans\5.1.1\xmlbeans-5.1.1.jar;C:\Users\k suresh kumar reddy\.m2\repository\com\aventstack\extentreports\5.0.9\extentreports-5.0.9.jar;C:\Users\k suresh kumar reddy\.m2\repository\io\reactivex\rxjava3\rxjava\3.0.4\rxjava-3.0.4.jar;C:\Users\k suresh kumar reddy\.m2\repository\org\reactivestreams\reactive-streams\1.0.3\reactive-streams-1.0.3.jar;C:\Users\k suresh kumar reddy\.m2\repository\org\freemarker\freemarker\2.3.30\freemarker-2.3.30.jar;C:\Users\k suresh kumar reddy\.m2\repository\org\projectlombok\lombok\1.18.12\lombok-1.18.12.jar;"/>
    <property name="java.vm.vendor" value="Oracle Corporation"/>
    <property name="sun.arch.data.model" value="64"/>
    <property name="user.variant" value=""/>
    <property name="java.vendor.url" value="https://java.oracle.com/"/>
    <property name="user.timezone" value="Asia/Calcutta"/>
    <property name="os.name" value="Windows 11"/>
    <property name="java.vm.specification.version" value="17"/>
    <property name="sun.java.launcher" value="SUN_STANDARD"/>
    <property name="user.country" value="IN"/>
    <property name="sun.boot.library.path" value="C:\Program Files\Java\jdk-17\bin"/>
    <property name="sun.java.command" value="C:\Users\k suresh kumar reddy\AppData\Local\Temp\surefire13463588047874072078\surefirebooter-20241123210255020_3.jar C:\Users\k suresh kumar reddy\AppData\Local\Temp\surefire13463588047874072078 2024-11-23T21-02-54_775-jvmRun1 surefire-20241123210255020_1tmp surefire_0-20241123210255020_2tmp"/>
    <property name="jdk.debug" value="release"/>
    <property name="surefire.test.class.path" value="C:\Users\k suresh kumar reddy\SeleniumTrainingworkspace\PetstoreAutomation\target\test-classes;C:\Users\k suresh kumar reddy\SeleniumTrainingworkspace\PetstoreAutomation\target\classes;C:\Users\k suresh kumar reddy\.m2\repository\junit\junit\4.11\junit-4.11.jar;C:\Users\k suresh kumar reddy\.m2\repository\org\hamcrest\hamcrest-core\1.3\hamcrest-core-1.3.jar;C:\Users\k suresh kumar reddy\.m2\repository\org\seleniumhq\selenium\selenium-java\3.141.59\selenium-java-3.141.59.jar;C:\Users\k suresh kumar reddy\.m2\repository\org\seleniumhq\selenium\selenium-api\3.141.59\selenium-api-3.141.59.jar;C:\Users\k suresh kumar reddy\.m2\repository\org\seleniumhq\selenium\selenium-chrome-driver\3.141.59\selenium-chrome-driver-3.141.59.jar;C:\Users\k suresh kumar reddy\.m2\repository\org\seleniumhq\selenium\selenium-edge-driver\3.141.59\selenium-edge-driver-3.141.59.jar;C:\Users\k suresh kumar reddy\.m2\repository\org\seleniumhq\selenium\selenium-firefox-driver\3.141.59\selenium-firefox-driver-3.141.59.jar;C:\Users\k suresh kumar reddy\.m2\repository\org\seleniumhq\selenium\selenium-ie-driver\3.141.59\selenium-ie-driver-3.141.59.jar;C:\Users\k suresh kumar reddy\.m2\repository\org\seleniumhq\selenium\selenium-opera-driver\3.141.59\selenium-opera-driver-3.141.59.jar;C:\Users\k suresh kumar reddy\.m2\repository\org\seleniumhq\selenium\selenium-remote-driver\3.141.59\selenium-remote-driver-3.141.59.jar;C:\Users\k suresh kumar reddy\.m2\repository\org\seleniumhq\selenium\selenium-safari-driver\3.141.59\selenium-safari-driver-3.141.59.jar;C:\Users\k suresh kumar reddy\.m2\repository\org\seleniumhq\selenium\selenium-support\3.141.59\selenium-support-3.141.59.jar;C:\Users\k suresh kumar reddy\.m2\repository\net\bytebuddy\byte-buddy\1.8.15\byte-buddy-1.8.15.jar;C:\Users\k suresh kumar reddy\.m2\repository\org\apache\commons\commons-exec\1.3\commons-exec-1.3.jar;C:\Users\k suresh kumar reddy\.m2\repository\com\google\guava\guava\25.0-jre\guava-25.0-jre.jar;C:\Users\k suresh kumar reddy\.m2\repository\org\checkerframework\checker-compat-qual\2.0.0\checker-compat-qual-2.0.0.jar;C:\Users\k suresh kumar reddy\.m2\repository\com\google\j2objc\j2objc-annotations\1.1\j2objc-annotations-1.1.jar;C:\Users\k suresh kumar reddy\.m2\repository\org\codehaus\mojo\animal-sniffer-annotations\1.14\animal-sniffer-annotations-1.14.jar;C:\Users\k suresh kumar reddy\.m2\repository\com\squareup\okhttp3\okhttp\3.11.0\okhttp-3.11.0.jar;C:\Users\k suresh kumar reddy\.m2\repository\com\squareup\okio\okio\1.14.0\okio-1.14.0.jar;C:\Users\k suresh kumar reddy\.m2\repository\io\github\bonigarcia\webdrivermanager\4.1.0\webdrivermanager-4.1.0.jar;C:\Users\k suresh kumar reddy\.m2\repository\org\slf4j\slf4j-api\1.7.30\slf4j-api-1.7.30.jar;C:\Users\k suresh kumar reddy\.m2\repository\commons-io\commons-io\2.7\commons-io-2.7.jar;C:\Users\k suresh kumar reddy\.m2\repository\org\apache\commons\commons-lang3\3.10\commons-lang3-3.10.jar;C:\Users\k suresh kumar reddy\.m2\repository\org\apache\httpcomponents\client5\httpclient5\5.0.1\httpclient5-5.0.1.jar;C:\Users\k suresh kumar reddy\.m2\repository\org\apache\httpcomponents\core5\httpcore5\5.0.1\httpcore5-5.0.1.jar;C:\Users\k suresh kumar reddy\.m2\repository\org\apache\httpcomponents\core5\httpcore5-h2\5.0.1\httpcore5-h2-5.0.1.jar;C:\Users\k suresh kumar reddy\.m2\repository\org\rauschig\jarchivelib\1.0.0\jarchivelib-1.0.0.jar;C:\Users\k suresh kumar reddy\.m2\repository\org\jsoup\jsoup\1.13.1\jsoup-1.13.1.jar;C:\Users\k suresh kumar reddy\.m2\repository\org\testng\testng\6.10\testng-6.10.jar;C:\Users\k suresh kumar reddy\.m2\repository\com\beust\jcommander\1.48\jcommander-1.48.jar;C:\Users\k suresh kumar reddy\.m2\repository\io\rest-assured\rest-assured\5.5.0\rest-assured-5.5.0.jar;C:\Users\k suresh kumar reddy\.m2\repository\org\apache\groovy\groovy\4.0.22\groovy-4.0.22.jar;C:\Users\k suresh kumar reddy\.m2\repository\org\apache\groovy\groovy-xml\4.0.22\groovy-xml-4.0.22.jar;C:\Users\k suresh kumar reddy\.m2\repository\org\apache\httpcomponents\httpclient\4.5.13\httpclient-4.5.13.jar;C:\Users\k suresh kumar reddy\.m2\repository\org\apache\httpcomponents\httpcore\4.4.13\httpcore-4.4.13.jar;C:\Users\k suresh kumar reddy\.m2\repository\commons-logging\commons-logging\1.2\commons-logging-1.2.jar;C:\Users\k suresh kumar reddy\.m2\repository\org\apache\httpcomponents\httpmime\4.5.13\httpmime-4.5.13.jar;C:\Users\k suresh kumar reddy\.m2\repository\org\hamcrest\hamcrest\2.2\hamcrest-2.2.jar;C:\Users\k suresh kumar reddy\.m2\repository\org\ccil\cowan\tagsoup\tagsoup\1.2.1\tagsoup-1.2.1.jar;C:\Users\k suresh kumar reddy\.m2\repository\io\rest-assured\xml-path\5.5.0\xml-path-5.5.0.jar;C:\Users\k suresh kumar reddy\.m2\repository\io\rest-assured\json-path\5.5.0\json-path-5.5.0.jar;C:\Users\k suresh kumar reddy\.m2\repository\org\apache\groovy\groovy-json\4.0.22\groovy-json-4.0.22.jar;C:\Users\k suresh kumar reddy\.m2\repository\io\rest-assured\rest-assured-common\5.5.0\rest-assured-common-5.5.0.jar;C:\Users\k suresh kumar reddy\.m2\repository\org\json\json\20240303\json-20240303.jar;C:\Users\k suresh kumar reddy\.m2\repository\com\google\code\gson\gson\2.11.0\gson-2.11.0.jar;C:\Users\k suresh kumar reddy\.m2\repository\com\google\errorprone\error_prone_annotations\2.27.0\error_prone_annotations-2.27.0.jar;C:\Users\k suresh kumar reddy\.m2\repository\com\github\scribejava\scribejava-apis\8.3.3\scribejava-apis-8.3.3.jar;C:\Users\k suresh kumar reddy\.m2\repository\com\github\scribejava\scribejava-core\8.3.3\scribejava-core-8.3.3.jar;C:\Users\k suresh kumar reddy\.m2\repository\com\github\scribejava\scribejava-java8\8.3.3\scribejava-java8-8.3.3.jar;C:\Users\k suresh kumar reddy\.m2\repository\com\fasterxml\jackson\core\jackson-databind\2.14.0\jackson-databind-2.14.0.jar;C:\Users\k suresh kumar reddy\.m2\repository\com\fasterxml\jackson\core\jackson-annotations\2.14.0\jackson-annotations-2.14.0.jar;C:\Users\k suresh kumar reddy\.m2\repository\com\fasterxml\jackson\core\jackson-core\2.14.0\jackson-core-2.14.0.jar;C:\Users\k suresh kumar reddy\.m2\repository\com\github\java-json-tools\json-schema-validator\2.2.14\json-schema-validator-2.2.14.jar;C:\Users\k suresh kumar reddy\.m2\repository\com\github\java-json-tools\jackson-coreutils-equivalence\1.0\jackson-coreutils-equivalence-1.0.jar;C:\Users\k suresh kumar reddy\.m2\repository\com\github\java-json-tools\jackson-coreutils\2.0\jackson-coreutils-2.0.jar;C:\Users\k suresh kumar reddy\.m2\repository\com\github\java-json-tools\msg-simple\1.2\msg-simple-1.2.jar;C:\Users\k suresh kumar reddy\.m2\repository\com\github\java-json-tools\btf\1.3\btf-1.3.jar;C:\Users\k suresh kumar reddy\.m2\repository\com\github\java-json-tools\json-schema-core\1.2.14\json-schema-core-1.2.14.jar;C:\Users\k suresh kumar reddy\.m2\repository\com\github\java-json-tools\uri-template\0.10\uri-template-0.10.jar;C:\Users\k suresh kumar reddy\.m2\repository\org\mozilla\rhino\1.7.7.2\rhino-1.7.7.2.jar;C:\Users\k suresh kumar reddy\.m2\repository\com\sun\mail\mailapi\1.6.2\mailapi-1.6.2.jar;C:\Users\k suresh kumar reddy\.m2\repository\joda-time\joda-time\2.10.5\joda-time-2.10.5.jar;C:\Users\k suresh kumar reddy\.m2\repository\com\googlecode\libphonenumber\libphonenumber\8.11.1\libphonenumber-8.11.1.jar;C:\Users\k suresh kumar reddy\.m2\repository\com\google\code\findbugs\jsr305\3.0.2\jsr305-3.0.2.jar;C:\Users\k suresh kumar reddy\.m2\repository\net\sf\jopt-simple\jopt-simple\5.0.4\jopt-simple-5.0.4.jar;C:\Users\k suresh kumar reddy\.m2\repository\com\github\javafaker\javafaker\1.0.2\javafaker-1.0.2.jar;C:\Users\k suresh kumar reddy\.m2\repository\org\yaml\snakeyaml\1.23\snakeyaml-1.23-android.jar;C:\Users\k suresh kumar reddy\.m2\repository\com\github\mifmif\generex\1.0.2\generex-1.0.2.jar;C:\Users\k suresh kumar reddy\.m2\repository\dk\brics\automaton\automaton\1.11-8\automaton-1.11-8.jar;C:\Users\k suresh kumar reddy\.m2\repository\org\apache\poi\poi\5.2.3\poi-5.2.3.jar;C:\Users\k suresh kumar reddy\.m2\repository\commons-codec\commons-codec\1.15\commons-codec-1.15.jar;C:\Users\k suresh kumar reddy\.m2\repository\org\apache\commons\commons-math3\3.6.1\commons-math3-3.6.1.jar;C:\Users\k suresh kumar reddy\.m2\repository\com\zaxxer\SparseBitSet\1.2\SparseBitSet-1.2.jar;C:\Users\k suresh kumar reddy\.m2\repository\org\apache\logging\log4j\log4j-api\2.18.0\log4j-api-2.18.0.jar;C:\Users\k suresh kumar reddy\.m2\repository\org\apache\poi\poi-ooxml\5.2.3\poi-ooxml-5.2.3.jar;C:\Users\k suresh kumar reddy\.m2\repository\org\apache\poi\poi-ooxml-lite\5.2.3\poi-ooxml-lite-5.2.3.jar;C:\Users\k suresh kumar reddy\.m2\repository\org\apache\commons\commons-compress\1.21\commons-compress-1.21.jar;C:\Users\k suresh kumar reddy\.m2\repository\com\github\virtuald\curvesapi\1.07\curvesapi-1.07.jar;C:\Users\k suresh kumar reddy\.m2\repository\org\apache\poi\poi-ooxml-schemas\4.1.2\poi-ooxml-schemas-4.1.2.jar;C:\Users\k suresh kumar reddy\.m2\repository\org\apache\commons\commons-collections4\4.4\commons-collections4-4.4.jar;C:\Users\k suresh kumar reddy\.m2\repository\org\apache\xmlbeans\xmlbeans\5.1.1\xmlbeans-5.1.1.jar;C:\Users\k suresh kumar reddy\.m2\repository\com\aventstack\extentreports\5.0.9\extentreports-5.0.9.jar;C:\Users\k suresh kumar reddy\.m2\repository\io\reactivex\rxjava3\rxjava\3.0.4\rxjava-3.0.4.jar;C:\Users\k suresh kumar reddy\.m2\repository\org\reactivestreams\reactive-streams\1.0.3\reactive-streams-1.0.3.jar;C:\Users\k suresh kumar reddy\.m2\repository\org\freemarker\freemarker\2.3.30\freemarker-2.3.30.jar;C:\Users\k suresh kumar reddy\.m2\repository\org\projectlombok\lombok\1.18.12\lombok-1.18.12.jar;"/>
    <property name="sun.cpu.endian" value="little"/>
    <property name="user.home" value="C:\Users\k suresh kumar reddy"/>
    <property name="user.language" value="en"/>
    <property name="java.specification.vendor" value="Oracle Corporation"/>
    <property name="java.version.date" value="2023-10-17"/>
    <property name="java.home" value="C:\Program Files\Java\jdk-17"/>
    <property name="file.separator" value="\"/>
    <property name="basedir" value="C:\Users\k suresh kumar reddy\SeleniumTrainingworkspace\PetstoreAutomation"/>
    <property name="java.vm.compressedOopsMode" value="32-bit"/>
    <property name="line.separator" value="&#10;"/>
    <property name="java.vm.specification.vendor" value="Oracle Corporation"/>
    <property name="java.specification.name" value="Java Platform API Specification"/>
    <property name="surefire.real.class.path" value="C:\Users\k suresh kumar reddy\AppData\Local\Temp\surefire13463588047874072078\surefirebooter-20241123210255020_3.jar"/>
    <property name="user.script" value=""/>
    <property name="sun.management.compiler" value="HotSpot 64-Bit Tiered Compilers"/>
    <property name="java.runtime.version" value="17.0.9+11-LTS-201"/>
    <property name="user.name" value="k suresh kumar reddy"/>
    <property name="path.separator" value=";"/>
    <property name="os.version" value="10.0"/>
    <property name="java.runtime.name" value="Java(TM) SE Runtime Environment"/>
    <property name="file.encoding" value="Cp1252"/>
    <property name="java.vm.name" value="Java HotSpot(TM) 64-Bit Server VM"/>
    <property name="localRepository" value="C:\Users\k suresh kumar reddy\.m2\repository"/>
    <property name="java.vendor.url.bug" value="https://bugreport.java.com/bugreport/"/>
    <property name="java.io.tmpdir" value="C:\Users\KSURES~1\AppData\Local\Temp\"/>
    <property name="java.version" value="17.0.9"/>
    <property name="user.dir" value="C:\Users\k suresh kumar reddy\SeleniumTrainingworkspace\PetstoreAutomation"/>
    <property name="os.arch" value="amd64"/>
    <property name="java.vm.specification.name" value="Java Virtual Machine Specification"/>
    <property name="sun.os.patch.level" value=""/>
    <property name="native.encoding" value="Cp1252"/>
    <property name="java.library.path" value="C:\Program Files\Java\jdk-17\bin;C:\WINDOWS\Sun\Java\bin;C:\WINDOWS\system32;C:\WINDOWS;C:\maven\apache-maven-3.9.6\bin;C:\Program Files\nodejs\;C:\Program Files\nodejs\node_modules;C:\Program Files\Git\cmd;C:\Program Files\Java\jdk-17\bin;C:\maven\apache-maven-3.9.6\bin;C:\Users\k suresh kumar reddy\anaconda3;C:\Users\k suresh kumar reddy\anaconda3\Library\mingw-w64\bin;C:\Users\k suresh kumar reddy\anaconda3\Library\usr\bin;C:\Users\k suresh kumar reddy\anaconda3\Library\bin;C:\Users\k suresh kumar reddy\anaconda3\Scripts;C:\Users\k suresh kumar reddy\AppData\Local\Programs\Python\Python36\Scripts\;C:\Users\k suresh kumar reddy\AppData\Local\Programs\Python\Python36\;C:\Users\k suresh kumar reddy\AppData\Local\Programs\Python\Launcher\;C:\Users\k suresh kumar reddy\AppData\Local\Microsoft\WindowsApps;C:\Users\k suresh kumar reddy\AppData\Local\Programs\MiKTeX\miktex\bin\x64\;C:\Program Files\Azure Data Studio\bin;C:\Program Files\JetBrains\IntelliJ IDEA 2023.2.5\bin;;C:\Program Files\Java\jdk-17\bin;C:\Users\k suresh kumar reddy\AppData\Roaming\npm;."/>
    <property name="java.vm.info" value="mixed mode, sharing"/>
    <property name="java.vendor" value="Oracle Corporation"/>
    <property name="java.vm.version" value="17.0.9+11-LTS-201"/>
    <property name="sun.io.unicode.encoding" value="UnicodeLittle"/>
    <property name="java.class.version" value="61.0"/>
  </properties>
  <testcase name="testPostUser" classname="api.test.UserTests" time="6.119">
    <system-out><![CDATA[HTTP/1.1 404 Not Found
Date: Sat, 23 Nov 2024 15:33:01 GMT
Content-Type: text/html
Transfer-Encoding: chunked
Connection: keep-alive
Server: nginx
Vary: Accept-Encoding
Access-Control-Allow-Origin: *
Access-Control-Allow-Methods: GET, POST, OPTIONS
Access-Control-Allow-Headers: DNT,X-CustomHeader,Keep-Alive,User-Agent,X-Requested-With,If-Modified-Since,Cache-Control,Content-Type
X-Frame-Options: DENY
Content-Security-Policy: frame-ancestors 'none'
Content-Encoding: gzip

<html>
  <head>
    <title>404 Not Found</title>
  </head>
  <body>
    <center>
      <h1>404 Not Found</h1>
    </center>
    <hr/>
    <center>nginx</center>
  </body>
</html>
]]></system-out>
  </testcase>
  <testcase name="testGetUserByname" classname="api.test.UserTests" time="1.562">
    <system-out><![CDATA[HTTP/1.1 404 Not Found
Date: Sat, 23 Nov 2024 15:33:03 GMT
Content-Type: text/html
Transfer-Encoding: chunked
Connection: keep-alive
Server: nginx
Vary: Accept-Encoding
Access-Control-Allow-Origin: *
Access-Control-Allow-Methods: GET, POST, OPTIONS
Access-Control-Allow-Headers: DNT,X-CustomHeader,Keep-Alive,User-Agent,X-Requested-With,If-Modified-Since,Cache-Control,Content-Type
X-Frame-Options: DENY
Content-Security-Policy: frame-ancestors 'none'
Content-Encoding: gzip

<html>
  <head>
    <title>404 Not Found</title>
  </head>
  <body>
    <center>
      <h1>404 Not Found</h1>
    </center>
    <hr/>
    <center>nginx</center>
  </body>
</html>
]]></system-out>
  </testcase>
  <testcase name="testUpdateUserByName" classname="api.test.UserTests" time="3.144">
    <system-out><![CDATA[<html>
  <head>
    <title>405 Not Allowed</title>
  </head>
  <body>
    <center>
      <h1>405 Not Allowed</h1>
    </center>
    <hr/>
    <center>nginx</center>
  </body>
</html>
]]></system-out>
  </testcase>
  <testcase name="testdeleteUserByname" classname="api.test.UserTests" time="1.534"/>
</testsuite>