<?xml version="1.0" encoding="UTF-8"?>
<!-- Generated by org.testng.reporters.JUnitReportReporter -->
<testsuite ignored="0" hostname="LAPTOP-2S99OJKB" failures="0" tests="2" name="api.test.DDTests" time="0.000" errors="0" timestamp="28 Oct 2024 14:25:23 GMT" skipped="2">
  <testcase classname="api.test.DDTests" name="testPostuser" time="0.000">
    <skipped/>
  </testcase> <!-- testPostuser -->
  <testcase classname="api.test.DDTests" name="testDeleteUserByName" time="0.000">
    <skipped/>
  </testcase> <!-- testDeleteUserByName -->
</testsuite> <!-- api.test.DDTests -->
