<?xml version="1.0" encoding="UTF-8"?>
<!-- Generated by org.testng.reporters.JUnitReportReporter -->
<testsuite ignored="0" hostname="LAPTOP-2S99OJKB" failures="0" tests="4" name="api.test.UserTests" time="12.364" errors="0" timestamp="23 Nov 2024 15:33:08 GMT" skipped="0">
  <testcase classname="api.test.UserTests" name="testUpdateUserByName" time="3.167"/>
  <testcase classname="api.test.UserTests" name="testGetUserByname" time="1.564"/>
  <testcase classname="api.test.UserTests" name="testdeleteUserByname" time="1.535"/>
  <testcase classname="api.test.UserTests" name="testPostUser" time="6.098"/>
</testsuite> <!-- api.test.UserTests -->
