<?xml version="1.0" encoding="UTF-8"?>
<!-- Generated by org.testng.reporters.JUnitReportReporter -->
<testsuite ignored="0" hostname="LAPTOP-2S99OJKB" failures="0" tests="4" name="api.test.UserTests" time="7.932" errors="0" timestamp="21 Nov 2024 03:52:09 GMT" skipped="0">
  <testcase classname="api.test.UserTests" name="testUpdateUserByName" time="2.400"/>
  <testcase classname="api.test.UserTests" name="testGetUserByname" time="1.209"/>
  <testcase classname="api.test.UserTests" name="testdeleteUserByname" time="1.178"/>
  <testcase classname="api.test.UserTests" name="testPostUser" time="3.145"/>
</testsuite> <!-- api.test.UserTests -->
